{"@level":"trace","@message":"OpenTelemetry: OTEL_TRACES_EXPORTER not set, OTel tracing is not enabled","@timestamp":"2025-11-09T10:28:43.690989-08:00"}
{"@level":"info","@message":"OpenTofu version: 1.10.6","@timestamp":"2025-11-09T10:28:43.691215-08:00"}
{"@level":"debug","@message":"using github.com/hashicorp/go-tfe v1.53.0","@timestamp":"2025-11-09T10:28:43.691279-08:00"}
{"@level":"debug","@message":"using github.com/opentofu/hcl/v2 v2.20.2-0.20250121132637-504036cd70e7","@timestamp":"2025-11-09T10:28:43.691295-08:00"}
{"@level":"debug","@message":"using github.com/hashicorp/terraform-svchost v0.1.1","@timestamp":"2025-11-09T10:28:43.691304-08:00"}
{"@level":"debug","@message":"using github.com/zclconf/go-cty v1.16.3","@timestamp":"2025-11-09T10:28:43.691312-08:00"}
{"@level":"info","@message":"Go runtime version: go1.25.0","@timestamp":"2025-11-09T10:28:43.691323-08:00"}
{"@level":"info","@message":"CLI args: []string{\"/opt/homebrew/bin/tofu\", \"init\", \"-no-color\", \"-input=false\"}","@timestamp":"2025-11-09T10:28:43.691333-08:00"}
{"@level":"trace","@message":"Stdout is not a terminal","@timestamp":"2025-11-09T10:28:43.691343-08:00"}
{"@level":"trace","@message":"Stderr is not a terminal","@timestamp":"2025-11-09T10:28:43.691355-08:00"}
{"@level":"trace","@message":"Stdin is a terminal","@timestamp":"2025-11-09T10:28:43.691362-08:00"}
{"@level":"debug","@message":"Attempting to open CLI config file: /Users/tim/.terraformrc","@timestamp":"2025-11-09T10:28:43.691386-08:00"}
{"@level":"info","@message":"Loading CLI configuration from /Users/tim/.terraformrc","@timestamp":"2025-11-09T10:28:43.691419-08:00"}
{"@level":"info","@message":"Loading CLI configuration from /Users/tim/.terraform.d/credentials.tfrc.json","@timestamp":"2025-11-09T10:28:43.691580-08:00"}
{"@level":"debug","@message":"checking for credentials in \"/Users/tim/.terraform.d/plugins\"","@timestamp":"2025-11-09T10:28:43.691713-08:00"}
{"@level":"debug","@message":"ignoring non-existing provider search directory terraform.d/plugins","@timestamp":"2025-11-09T10:28:43.691825-08:00"}
{"@level":"debug","@message":"will search for provider plugins in /Users/tim/.terraform.d/plugins","@timestamp":"2025-11-09T10:28:43.691854-08:00"}
{"@level":"trace","@message":"getproviders.SearchLocalDirectory: found local/providers/pyvider v0.0.0 for darwin_arm64 at /Users/tim/.terraform.d/plugins/local/providers/pyvider/0.0.0/darwin_arm64","@timestamp":"2025-11-09T10:28:43.692207-08:00"}
{"@level":"trace","@message":"getproviders.SearchLocalDirectory: found local/providers/pyvider v0.0.1100-1 for darwin_arm64 at /Users/tim/.terraform.d/plugins/local/providers/pyvider/0.0.1100-1/darwin_arm64","@timestamp":"2025-11-09T10:28:43.692309-08:00"}
{"@level":"trace","@message":"getproviders.SearchLocalDirectory: found local/providers/pyvider v0.0.1108 for darwin_arm64 at /Users/tim/.terraform.d/plugins/local/providers/pyvider/0.0.1108/darwin_arm64","@timestamp":"2025-11-09T10:28:43.692391-08:00"}
{"@level":"trace","@message":"getproviders.SearchLocalDirectory: found local/providers/pyvider v0.0.15 for darwin_arm64 at /Users/tim/.terraform.d/plugins/local/providers/pyvider/0.0.15/darwin_arm64","@timestamp":"2025-11-09T10:28:43.692467-08:00"}
{"@level":"trace","@message":"getproviders.SearchLocalDirectory: found local/providers/tofusoup v0.0.0 for darwin_arm64 at /Users/tim/.terraform.d/plugins/local/providers/tofusoup/0.0.0/darwin_arm64","@timestamp":"2025-11-09T10:28:43.692569-08:00"}
{"@level":"trace","@message":"getproviders.SearchLocalDirectory: found local/providers/tofusoup v0.0.1108 for darwin_arm64 at /Users/tim/.terraform.d/plugins/local/providers/tofusoup/0.0.1108/darwin_arm64","@timestamp":"2025-11-09T10:28:43.692645-08:00"}
{"@level":"debug","@message":"ignoring non-existing provider search directory /Users/tim/Library/Application Support/io.terraform/plugins","@timestamp":"2025-11-09T10:28:43.692682-08:00"}
{"@level":"debug","@message":"ignoring non-existing provider search directory /Library/Application Support/io.terraform/plugins","@timestamp":"2025-11-09T10:28:43.692691-08:00"}
{"@level":"debug","@message":"Found the config directory: /Users/tim/.terraform.d","@timestamp":"2025-11-09T10:28:43.692979-08:00"}
{"@level":"info","@message":"CLI command args: []string{\"init\", \"-no-color\", \"-input=false\"}","@timestamp":"2025-11-09T10:28:43.693047-08:00"}
{"@level":"trace","@message":"Meta.Backend: no config given or present on disk, so returning nil config","@timestamp":"2025-11-09T10:28:43.695226-08:00"}
{"@level":"trace","@message":"Meta.Backend: backend has not previously been initialized in this working directory","@timestamp":"2025-11-09T10:28:43.695266-08:00"}
{"@level":"debug","@message":"New state was assigned lineage \"9966b6ab-63ae-7d76-a4c7-a6f39c6c9a00\"","@timestamp":"2025-11-09T10:28:43.695281-08:00"}
{"@level":"trace","@message":"Meta.Backend: using default local state only (no backend configuration, and no existing initialized backend)","@timestamp":"2025-11-09T10:28:43.695287-08:00"}
{"@level":"trace","@message":"Meta.Backend: instantiated backend of type \u003cnil\u003e","@timestamp":"2025-11-09T10:28:43.695292-08:00"}
{"@level":"debug","@message":"checking for provisioner in \".\"","@timestamp":"2025-11-09T10:28:43.695342-08:00"}
{"@level":"debug","@message":"checking for provisioner in \"/opt/homebrew/bin\"","@timestamp":"2025-11-09T10:28:43.696562-08:00"}
{"@level":"debug","@message":"checking for provisioner in \"/Users/tim/.terraform.d/plugins\"","@timestamp":"2025-11-09T10:28:43.696609-08:00"}
{"@level":"trace","@message":"Meta.Backend: backend \u003cnil\u003e does not support operations, so wrapping it in a local backend","@timestamp":"2025-11-09T10:28:43.696626-08:00"}
{"@level":"trace","@message":"backend/local: state manager for workspace \"default\" will:\n - read initial snapshot from terraform.tfstate\n - write new snapshots to terraform.tfstate\n - create any backup at terraform.tfstate.backup","@timestamp":"2025-11-09T10:28:43.696649-08:00"}
{"@level":"trace","@message":"statemgr.Filesystem: reading initial snapshot from terraform.tfstate","@timestamp":"2025-11-09T10:28:43.696659-08:00"}
{"@level":"trace","@message":"statemgr.Filesystem: snapshot file has nil snapshot, but that's okay","@timestamp":"2025-11-09T10:28:43.696670-08:00"}
{"@level":"trace","@message":"statemgr.Filesystem: read nil snapshot","@timestamp":"2025-11-09T10:28:43.696675-08:00"}
{"@level":"debug","@message":"Service discovery for registry.opentofu.org at https://registry.opentofu.org/.well-known/terraform.json","@timestamp":"2025-11-09T10:28:43.696968-08:00"}
{"@level":"trace","@message":"HTTP client GET request to https://registry.opentofu.org/.well-known/terraform.json","@timestamp":"2025-11-09T10:28:43.696999-08:00"}
{"@level":"debug","@message":"GET https://registry.opentofu.org/v1/providers/hashicorp/tofusoup/versions","@timestamp":"2025-11-09T10:28:43.908700-08:00"}
{"@level":"trace","@message":"HTTP client GET request to https://registry.opentofu.org/v1/providers/hashicorp/tofusoup/versions","@timestamp":"2025-11-09T10:28:43.908755-08:00"}
{"@level":"debug","@message":"GET https://registry.opentofu.org/v1/providers/-/tofusoup/versions","@timestamp":"2025-11-09T10:28:44.247890-08:00"}
{"@level":"trace","@message":"HTTP client GET request to https://registry.opentofu.org/v1/providers/-/tofusoup/versions","@timestamp":"2025-11-09T10:28:44.247921-08:00"}
{"@level":"trace","@message":"Attempting to acquire global provider lock /Users/tim/.tofusoup/plugin-cache/local/providers/pyvider/0.0.1108/darwin_arm64.lock","@timestamp":"2025-11-09T10:28:44.262658-08:00"}
{"@level":"trace","@message":"providercache.Dir.InstallPackage: installing local/providers/pyvider v0.0.1108 from /Users/tim/.terraform.d/plugins/local/providers/pyvider/0.0.1108/darwin_arm64","@timestamp":"2025-11-09T10:28:44.263405-08:00"}
{"@level":"trace","@message":"Releasing global provider lock /Users/tim/.tofusoup/plugin-cache/local/providers/pyvider/0.0.1108/darwin_arm64.lock","@timestamp":"2025-11-09T10:28:44.263534-08:00"}
{"@level":"trace","@message":"providercache.Dir.LinkFromOtherCache: linking local/providers/pyvider v0.0.1108 from existing cache /Users/tim/.tofusoup/plugin-cache/local/providers/pyvider/0.0.1108/darwin_arm64 to /Users/tim/code/gh/provide-io/terraform-provider-tofusoup/examples/data_source/tofusoup_module_versions/.soup/tfdata/providers/local/providers/pyvider/0.0.1108/darwin_arm64","@timestamp":"2025-11-09T10:28:44.264215-08:00"}
