{"@level":"trace","@message":"OpenTelemetry: OTEL_TRACES_EXPORTER not set, OTel tracing is not enabled","@timestamp":"2025-11-11T18:43:38.630749-08:00"}
{"@level":"info","@message":"OpenTofu version: 1.10.6","@timestamp":"2025-11-11T18:43:38.631109-08:00"}
{"@level":"debug","@message":"using github.com/hashicorp/go-tfe v1.53.0","@timestamp":"2025-11-11T18:43:38.631160-08:00"}
{"@level":"debug","@message":"using github.com/opentofu/hcl/v2 v2.20.2-0.20250121132637-504036cd70e7","@timestamp":"2025-11-11T18:43:38.631171-08:00"}
{"@level":"debug","@message":"using github.com/hashicorp/terraform-svchost v0.1.1","@timestamp":"2025-11-11T18:43:38.631176-08:00"}
{"@level":"debug","@message":"using github.com/zclconf/go-cty v1.16.3","@timestamp":"2025-11-11T18:43:38.631183-08:00"}
{"@level":"info","@message":"Go runtime version: go1.25.0","@timestamp":"2025-11-11T18:43:38.631198-08:00"}
{"@level":"info","@message":"CLI args: []string{\"/opt/homebrew/bin/tofu\", \"init\", \"-no-color\", \"-input=false\"}","@timestamp":"2025-11-11T18:43:38.631210-08:00"}
{"@level":"trace","@message":"Stdout is not a terminal","@timestamp":"2025-11-11T18:43:38.631220-08:00"}
{"@level":"trace","@message":"Stderr is not a terminal","@timestamp":"2025-11-11T18:43:38.631225-08:00"}
{"@level":"trace","@message":"Stdin is a terminal","@timestamp":"2025-11-11T18:43:38.631233-08:00"}
{"@level":"debug","@message":"Attempting to open CLI config file: /Users/tim/.terraformrc","@timestamp":"2025-11-11T18:43:38.631271-08:00"}
{"@level":"info","@message":"Loading CLI configuration from /Users/tim/.terraformrc","@timestamp":"2025-11-11T18:43:38.631410-08:00"}
{"@level":"info","@message":"Loading CLI configuration from /Users/tim/.terraform.d/credentials.tfrc.json","@timestamp":"2025-11-11T18:43:38.631661-08:00"}
{"@level":"debug","@message":"checking for credentials in \"/Users/tim/.terraform.d/plugins\"","@timestamp":"2025-11-11T18:43:38.632119-08:00"}
{"@level":"debug","@message":"ignoring non-existing provider search directory terraform.d/plugins","@timestamp":"2025-11-11T18:43:38.632208-08:00"}
{"@level":"debug","@message":"will search for provider plugins in /Users/tim/.terraform.d/plugins","@timestamp":"2025-11-11T18:43:38.632229-08:00"}
{"@level":"trace","@message":"getproviders.SearchLocalDirectory: found local/providers/pyvider v0.0.0 for darwin_arm64 at /Users/tim/.terraform.d/plugins/local/providers/pyvider/0.0.0/darwin_arm64","@timestamp":"2025-11-11T18:43:38.633146-08:00"}
{"@level":"trace","@message":"getproviders.SearchLocalDirectory: found local/providers/pyvider v0.0.1100-1 for darwin_arm64 at /Users/tim/.terraform.d/plugins/local/providers/pyvider/0.0.1100-1/darwin_arm64","@timestamp":"2025-11-11T18:43:38.633478-08:00"}
{"@level":"trace","@message":"getproviders.SearchLocalDirectory: found local/providers/pyvider v0.0.1101 for darwin_arm64 at /Users/tim/.terraform.d/plugins/local/providers/pyvider/0.0.1101/darwin_arm64","@timestamp":"2025-11-11T18:43:38.635289-08:00"}
{"@level":"trace","@message":"getproviders.SearchLocalDirectory: found local/providers/pyvider v0.0.1108 for darwin_arm64 at /Users/tim/.terraform.d/plugins/local/providers/pyvider/0.0.1108/darwin_arm64","@timestamp":"2025-11-11T18:43:38.635619-08:00"}
{"@level":"trace","@message":"getproviders.SearchLocalDirectory: found local/providers/pyvider v0.0.1109 for darwin_arm64 at /Users/tim/.terraform.d/plugins/local/providers/pyvider/0.0.1109/darwin_arm64","@timestamp":"2025-11-11T18:43:38.635953-08:00"}
{"@level":"trace","@message":"getproviders.SearchLocalDirectory: found local/providers/pyvider v0.0.19 for darwin_arm64 at /Users/tim/.terraform.d/plugins/local/providers/pyvider/0.0.19/darwin_arm64","@timestamp":"2025-11-11T18:43:38.636246-08:00"}
{"@level":"trace","@message":"getproviders.SearchLocalDirectory: found local/providers/tofusoup v0.0.0 for darwin_arm64 at /Users/tim/.terraform.d/plugins/local/providers/tofusoup/0.0.0/darwin_arm64","@timestamp":"2025-11-11T18:43:38.636768-08:00"}
{"@level":"trace","@message":"getproviders.SearchLocalDirectory: found local/providers/tofusoup v0.0.1108 for darwin_arm64 at /Users/tim/.terraform.d/plugins/local/providers/tofusoup/0.0.1108/darwin_arm64","@timestamp":"2025-11-11T18:43:38.637049-08:00"}
{"@level":"debug","@message":"ignoring non-existing provider search directory /Users/tim/Library/Application Support/io.terraform/plugins","@timestamp":"2025-11-11T18:43:38.637219-08:00"}
{"@level":"debug","@message":"ignoring non-existing provider search directory /Library/Application Support/io.terraform/plugins","@timestamp":"2025-11-11T18:43:38.637233-08:00"}
{"@level":"debug","@message":"Found the config directory: /Users/tim/.terraform.d","@timestamp":"2025-11-11T18:43:38.637520-08:00"}
{"@level":"info","@message":"CLI command args: []string{\"init\", \"-no-color\", \"-input=false\"}","@timestamp":"2025-11-11T18:43:38.637591-08:00"}
{"@level":"trace","@message":"Meta.Backend: no config given or present on disk, so returning nil config","@timestamp":"2025-11-11T18:43:38.638856-08:00"}
{"@level":"trace","@message":"Meta.Backend: backend has not previously been initialized in this working directory","@timestamp":"2025-11-11T18:43:38.638892-08:00"}
{"@level":"debug","@message":"New state was assigned lineage \"0d0e374e-0eb7-9b2e-6ad2-7e66e1b317fd\"","@timestamp":"2025-11-11T18:43:38.638911-08:00"}
{"@level":"trace","@message":"Meta.Backend: using default local state only (no backend configuration, and no existing initialized backend)","@timestamp":"2025-11-11T18:43:38.638918-08:00"}
{"@level":"trace","@message":"Meta.Backend: instantiated backend of type \u003cnil\u003e","@timestamp":"2025-11-11T18:43:38.638924-08:00"}
{"@level":"debug","@message":"checking for provisioner in \".\"","@timestamp":"2025-11-11T18:43:38.638978-08:00"}
{"@level":"debug","@message":"checking for provisioner in \"/opt/homebrew/bin\"","@timestamp":"2025-11-11T18:43:38.641520-08:00"}
{"@level":"debug","@message":"checking for provisioner in \"/Users/tim/.terraform.d/plugins\"","@timestamp":"2025-11-11T18:43:38.641598-08:00"}
{"@level":"trace","@message":"Meta.Backend: backend \u003cnil\u003e does not support operations, so wrapping it in a local backend","@timestamp":"2025-11-11T18:43:38.641629-08:00"}
{"@level":"trace","@message":"backend/local: state manager for workspace \"default\" will:\n - read initial snapshot from terraform.tfstate\n - write new snapshots to terraform.tfstate\n - create any backup at terraform.tfstate.backup","@timestamp":"2025-11-11T18:43:38.641690-08:00"}
{"@level":"trace","@message":"statemgr.Filesystem: reading initial snapshot from terraform.tfstate","@timestamp":"2025-11-11T18:43:38.641706-08:00"}
{"@level":"trace","@message":"statemgr.Filesystem: snapshot file has nil snapshot, but that's okay","@timestamp":"2025-11-11T18:43:38.641722-08:00"}
{"@level":"trace","@message":"statemgr.Filesystem: read nil snapshot","@timestamp":"2025-11-11T18:43:38.641727-08:00"}
{"@level":"debug","@message":"Service discovery for registry.opentofu.org at https://registry.opentofu.org/.well-known/terraform.json","@timestamp":"2025-11-11T18:43:38.642122-08:00"}
{"@level":"trace","@message":"HTTP client GET request to https://registry.opentofu.org/.well-known/terraform.json","@timestamp":"2025-11-11T18:43:38.642152-08:00"}
{"@level":"debug","@message":"GET https://registry.opentofu.org/v1/providers/hashicorp/tofusoup/versions","@timestamp":"2025-11-11T18:43:38.953437-08:00"}
{"@level":"trace","@message":"HTTP client GET request to https://registry.opentofu.org/v1/providers/hashicorp/tofusoup/versions","@timestamp":"2025-11-11T18:43:38.953477-08:00"}
{"@level":"debug","@message":"GET https://registry.opentofu.org/v1/providers/-/tofusoup/versions","@timestamp":"2025-11-11T18:43:39.516631-08:00"}
{"@level":"trace","@message":"HTTP client GET request to https://registry.opentofu.org/v1/providers/-/tofusoup/versions","@timestamp":"2025-11-11T18:43:39.516719-08:00"}
{"@level":"trace","@message":"Attempting to acquire global provider lock /Users/tim/.tofusoup/plugin-cache/local/providers/pyvider/0.0.1109/darwin_arm64.lock","@timestamp":"2025-11-11T18:43:39.771771-08:00"}
{"@level":"trace","@message":"providercache.Dir.InstallPackage: installing local/providers/pyvider v0.0.1109 from /Users/tim/.terraform.d/plugins/local/providers/pyvider/0.0.1109/darwin_arm64","@timestamp":"2025-11-11T18:43:39.774196-08:00"}
{"@level":"trace","@message":"Releasing global provider lock /Users/tim/.tofusoup/plugin-cache/local/providers/pyvider/0.0.1109/darwin_arm64.lock","@timestamp":"2025-11-11T18:43:39.774457-08:00"}
{"@level":"trace","@message":"providercache.Dir.LinkFromOtherCache: linking local/providers/pyvider v0.0.1109 from existing cache /Users/tim/.tofusoup/plugin-cache/local/providers/pyvider/0.0.1109/darwin_arm64 to /Users/tim/code/gh/provide-io/terraform-provider-tofusoup/examples/data-sources/tofusoup_module_info/.soup/tfdata/providers/local/providers/pyvider/0.0.1109/darwin_arm64","@timestamp":"2025-11-11T18:43:40.101077-08:00"}
