{"@level":"trace","@message":"OpenTelemetry: OTEL_TRACES_EXPORTER not set, OTel tracing is not enabled","@timestamp":"2025-11-09T10:28:43.715610-08:00"}
{"@level":"info","@message":"OpenTofu version: 1.10.6","@timestamp":"2025-11-09T10:28:43.715748-08:00"}
{"@level":"debug","@message":"using github.com/hashicorp/go-tfe v1.53.0","@timestamp":"2025-11-09T10:28:43.715789-08:00"}
{"@level":"debug","@message":"using github.com/opentofu/hcl/v2 v2.20.2-0.20250121132637-504036cd70e7","@timestamp":"2025-11-09T10:28:43.715796-08:00"}
{"@level":"debug","@message":"using github.com/hashicorp/terraform-svchost v0.1.1","@timestamp":"2025-11-09T10:28:43.715801-08:00"}
{"@level":"debug","@message":"using github.com/zclconf/go-cty v1.16.3","@timestamp":"2025-11-09T10:28:43.715808-08:00"}
{"@level":"info","@message":"Go runtime version: go1.25.0","@timestamp":"2025-11-09T10:28:43.715813-08:00"}
{"@level":"info","@message":"CLI args: []string{\"/opt/homebrew/bin/tofu\", \"init\", \"-no-color\", \"-input=false\"}","@timestamp":"2025-11-09T10:28:43.715818-08:00"}
{"@level":"trace","@message":"Stdout is not a terminal","@timestamp":"2025-11-09T10:28:43.715827-08:00"}
{"@level":"trace","@message":"Stderr is not a terminal","@timestamp":"2025-11-09T10:28:43.715833-08:00"}
{"@level":"trace","@message":"Stdin is a terminal","@timestamp":"2025-11-09T10:28:43.715840-08:00"}
{"@level":"debug","@message":"Attempting to open CLI config file: /Users/tim/.terraformrc","@timestamp":"2025-11-09T10:28:43.715864-08:00"}
{"@level":"info","@message":"Loading CLI configuration from /Users/tim/.terraformrc","@timestamp":"2025-11-09T10:28:43.715903-08:00"}
{"@level":"info","@message":"Loading CLI configuration from /Users/tim/.terraform.d/credentials.tfrc.json","@timestamp":"2025-11-09T10:28:43.716008-08:00"}
{"@level":"debug","@message":"checking for credentials in \"/Users/tim/.terraform.d/plugins\"","@timestamp":"2025-11-09T10:28:43.716090-08:00"}
{"@level":"debug","@message":"ignoring non-existing provider search directory terraform.d/plugins","@timestamp":"2025-11-09T10:28:43.716136-08:00"}
{"@level":"debug","@message":"will search for provider plugins in /Users/tim/.terraform.d/plugins","@timestamp":"2025-11-09T10:28:43.716144-08:00"}
{"@level":"trace","@message":"getproviders.SearchLocalDirectory: found local/providers/pyvider v0.0.0 for darwin_arm64 at /Users/tim/.terraform.d/plugins/local/providers/pyvider/0.0.0/darwin_arm64","@timestamp":"2025-11-09T10:28:43.716348-08:00"}
{"@level":"trace","@message":"getproviders.SearchLocalDirectory: found local/providers/pyvider v0.0.1100-1 for darwin_arm64 at /Users/tim/.terraform.d/plugins/local/providers/pyvider/0.0.1100-1/darwin_arm64","@timestamp":"2025-11-09T10:28:43.716431-08:00"}
{"@level":"trace","@message":"getproviders.SearchLocalDirectory: found local/providers/pyvider v0.0.1108 for darwin_arm64 at /Users/tim/.terraform.d/plugins/local/providers/pyvider/0.0.1108/darwin_arm64","@timestamp":"2025-11-09T10:28:43.716504-08:00"}
{"@level":"trace","@message":"getproviders.SearchLocalDirectory: found local/providers/pyvider v0.0.15 for darwin_arm64 at /Users/tim/.terraform.d/plugins/local/providers/pyvider/0.0.15/darwin_arm64","@timestamp":"2025-11-09T10:28:43.716587-08:00"}
{"@level":"trace","@message":"getproviders.SearchLocalDirectory: found local/providers/tofusoup v0.0.0 for darwin_arm64 at /Users/tim/.terraform.d/plugins/local/providers/tofusoup/0.0.0/darwin_arm64","@timestamp":"2025-11-09T10:28:43.716693-08:00"}
{"@level":"trace","@message":"getproviders.SearchLocalDirectory: found local/providers/tofusoup v0.0.1108 for darwin_arm64 at /Users/tim/.terraform.d/plugins/local/providers/tofusoup/0.0.1108/darwin_arm64","@timestamp":"2025-11-09T10:28:43.716768-08:00"}
{"@level":"debug","@message":"ignoring non-existing provider search directory /Users/tim/Library/Application Support/io.terraform/plugins","@timestamp":"2025-11-09T10:28:43.716800-08:00"}
{"@level":"debug","@message":"ignoring non-existing provider search directory /Library/Application Support/io.terraform/plugins","@timestamp":"2025-11-09T10:28:43.716807-08:00"}
{"@level":"debug","@message":"Found the config directory: /Users/tim/.terraform.d","@timestamp":"2025-11-09T10:28:43.716971-08:00"}
{"@level":"info","@message":"CLI command args: []string{\"init\", \"-no-color\", \"-input=false\"}","@timestamp":"2025-11-09T10:28:43.717021-08:00"}
{"@level":"trace","@message":"Meta.Backend: no config given or present on disk, so returning nil config","@timestamp":"2025-11-09T10:28:43.717908-08:00"}
{"@level":"trace","@message":"Meta.Backend: backend has not previously been initialized in this working directory","@timestamp":"2025-11-09T10:28:43.717935-08:00"}
{"@level":"debug","@message":"New state was assigned lineage \"dc08d423-8477-d9ff-f515-64110022d55a\"","@timestamp":"2025-11-09T10:28:43.717947-08:00"}
{"@level":"trace","@message":"Meta.Backend: using default local state only (no backend configuration, and no existing initialized backend)","@timestamp":"2025-11-09T10:28:43.717956-08:00"}
{"@level":"trace","@message":"Meta.Backend: instantiated backend of type \u003cnil\u003e","@timestamp":"2025-11-09T10:28:43.717962-08:00"}
{"@level":"debug","@message":"checking for provisioner in \".\"","@timestamp":"2025-11-09T10:28:43.718015-08:00"}
{"@level":"debug","@message":"checking for provisioner in \"/opt/homebrew/bin\"","@timestamp":"2025-11-09T10:28:43.719484-08:00"}
{"@level":"debug","@message":"checking for provisioner in \"/Users/tim/.terraform.d/plugins\"","@timestamp":"2025-11-09T10:28:43.719544-08:00"}
{"@level":"trace","@message":"Meta.Backend: backend \u003cnil\u003e does not support operations, so wrapping it in a local backend","@timestamp":"2025-11-09T10:28:43.719566-08:00"}
{"@level":"trace","@message":"backend/local: state manager for workspace \"default\" will:\n - read initial snapshot from terraform.tfstate\n - write new snapshots to terraform.tfstate\n - create any backup at terraform.tfstate.backup","@timestamp":"2025-11-09T10:28:43.719593-08:00"}
{"@level":"trace","@message":"statemgr.Filesystem: reading initial snapshot from terraform.tfstate","@timestamp":"2025-11-09T10:28:43.719702-08:00"}
{"@level":"trace","@message":"statemgr.Filesystem: snapshot file has nil snapshot, but that's okay","@timestamp":"2025-11-09T10:28:43.719719-08:00"}
{"@level":"trace","@message":"statemgr.Filesystem: read nil snapshot","@timestamp":"2025-11-09T10:28:43.719726-08:00"}
{"@level":"debug","@message":"Service discovery for registry.opentofu.org at https://registry.opentofu.org/.well-known/terraform.json","@timestamp":"2025-11-09T10:28:43.720629-08:00"}
{"@level":"trace","@message":"HTTP client GET request to https://registry.opentofu.org/.well-known/terraform.json","@timestamp":"2025-11-09T10:28:43.720727-08:00"}
{"@level":"debug","@message":"GET https://registry.opentofu.org/v1/providers/hashicorp/tofusoup/versions","@timestamp":"2025-11-09T10:28:44.244314-08:00"}
{"@level":"trace","@message":"HTTP client GET request to https://registry.opentofu.org/v1/providers/hashicorp/tofusoup/versions","@timestamp":"2025-11-09T10:28:44.244362-08:00"}
{"@level":"debug","@message":"GET https://registry.opentofu.org/v1/providers/-/tofusoup/versions","@timestamp":"2025-11-09T10:28:44.304230-08:00"}
{"@level":"trace","@message":"HTTP client GET request to https://registry.opentofu.org/v1/providers/-/tofusoup/versions","@timestamp":"2025-11-09T10:28:44.304257-08:00"}
{"@level":"trace","@message":"Attempting to acquire global provider lock /Users/tim/.tofusoup/plugin-cache/local/providers/pyvider/0.0.1108/darwin_arm64.lock","@timestamp":"2025-11-09T10:28:44.318612-08:00"}
{"@level":"trace","@message":"providercache.Dir.InstallPackage: installing local/providers/pyvider v0.0.1108 from /Users/tim/.terraform.d/plugins/local/providers/pyvider/0.0.1108/darwin_arm64","@timestamp":"2025-11-09T10:28:44.318690-08:00"}
{"@level":"trace","@message":"Releasing global provider lock /Users/tim/.tofusoup/plugin-cache/local/providers/pyvider/0.0.1108/darwin_arm64.lock","@timestamp":"2025-11-09T10:28:44.318753-08:00"}
{"@level":"trace","@message":"providercache.Dir.LinkFromOtherCache: linking local/providers/pyvider v0.0.1108 from existing cache /Users/tim/.tofusoup/plugin-cache/local/providers/pyvider/0.0.1108/darwin_arm64 to /Users/tim/code/gh/provide-io/terraform-provider-tofusoup/examples/data_source/tofusoup_state_resources/.soup/tfdata/providers/local/providers/pyvider/0.0.1108/darwin_arm64","@timestamp":"2025-11-09T10:28:44.318946-08:00"}
