{"@level":"trace","@message":"OpenTelemetry: OTEL_TRACES_EXPORTER not set, OTel tracing is not enabled","@timestamp":"2025-11-11T18:48:34.181265-08:00"}
{"@level":"info","@message":"OpenTofu version: 1.10.6","@timestamp":"2025-11-11T18:48:34.181409-08:00"}
{"@level":"debug","@message":"using github.com/hashicorp/go-tfe v1.53.0","@timestamp":"2025-11-11T18:48:34.181456-08:00"}
{"@level":"debug","@message":"using github.com/opentofu/hcl/v2 v2.20.2-0.20250121132637-504036cd70e7","@timestamp":"2025-11-11T18:48:34.181463-08:00"}
{"@level":"debug","@message":"using github.com/hashicorp/terraform-svchost v0.1.1","@timestamp":"2025-11-11T18:48:34.181468-08:00"}
{"@level":"debug","@message":"using github.com/zclconf/go-cty v1.16.3","@timestamp":"2025-11-11T18:48:34.181473-08:00"}
{"@level":"info","@message":"Go runtime version: go1.25.0","@timestamp":"2025-11-11T18:48:34.181477-08:00"}
{"@level":"info","@message":"CLI args: []string{\"/opt/homebrew/bin/tofu\", \"init\", \"-no-color\", \"-input=false\"}","@timestamp":"2025-11-11T18:48:34.181484-08:00"}
{"@level":"trace","@message":"Stdout is not a terminal","@timestamp":"2025-11-11T18:48:34.181494-08:00"}
{"@level":"trace","@message":"Stderr is not a terminal","@timestamp":"2025-11-11T18:48:34.181499-08:00"}
{"@level":"trace","@message":"Stdin is a terminal","@timestamp":"2025-11-11T18:48:34.181506-08:00"}
{"@level":"debug","@message":"Attempting to open CLI config file: /Users/tim/.terraformrc","@timestamp":"2025-11-11T18:48:34.181524-08:00"}
{"@level":"info","@message":"Loading CLI configuration from /Users/tim/.terraformrc","@timestamp":"2025-11-11T18:48:34.181551-08:00"}
{"@level":"info","@message":"Loading CLI configuration from /Users/tim/.terraform.d/credentials.tfrc.json","@timestamp":"2025-11-11T18:48:34.181655-08:00"}
{"@level":"debug","@message":"checking for credentials in \"/Users/tim/.terraform.d/plugins\"","@timestamp":"2025-11-11T18:48:34.181737-08:00"}
{"@level":"debug","@message":"ignoring non-existing provider search directory terraform.d/plugins","@timestamp":"2025-11-11T18:48:34.181780-08:00"}
{"@level":"debug","@message":"will search for provider plugins in /Users/tim/.terraform.d/plugins","@timestamp":"2025-11-11T18:48:34.181788-08:00"}
{"@level":"trace","@message":"getproviders.SearchLocalDirectory: found local/providers/pyvider v0.0.0 for darwin_arm64 at /Users/tim/.terraform.d/plugins/local/providers/pyvider/0.0.0/darwin_arm64","@timestamp":"2025-11-11T18:48:34.181962-08:00"}
{"@level":"trace","@message":"getproviders.SearchLocalDirectory: found local/providers/pyvider v0.0.1100-1 for darwin_arm64 at /Users/tim/.terraform.d/plugins/local/providers/pyvider/0.0.1100-1/darwin_arm64","@timestamp":"2025-11-11T18:48:34.182030-08:00"}
{"@level":"trace","@message":"getproviders.SearchLocalDirectory: found local/providers/pyvider v0.0.1101 for darwin_arm64 at /Users/tim/.terraform.d/plugins/local/providers/pyvider/0.0.1101/darwin_arm64","@timestamp":"2025-11-11T18:48:34.182119-08:00"}
{"@level":"trace","@message":"getproviders.SearchLocalDirectory: found local/providers/pyvider v0.0.1108 for darwin_arm64 at /Users/tim/.terraform.d/plugins/local/providers/pyvider/0.0.1108/darwin_arm64","@timestamp":"2025-11-11T18:48:34.182193-08:00"}
{"@level":"trace","@message":"getproviders.SearchLocalDirectory: found local/providers/pyvider v0.0.1109 for darwin_arm64 at /Users/tim/.terraform.d/plugins/local/providers/pyvider/0.0.1109/darwin_arm64","@timestamp":"2025-11-11T18:48:34.182267-08:00"}
{"@level":"trace","@message":"getproviders.SearchLocalDirectory: found local/providers/pyvider v0.0.19 for darwin_arm64 at /Users/tim/.terraform.d/plugins/local/providers/pyvider/0.0.19/darwin_arm64","@timestamp":"2025-11-11T18:48:34.182346-08:00"}
{"@level":"trace","@message":"getproviders.SearchLocalDirectory: found local/providers/tofusoup v0.0.0 for darwin_arm64 at /Users/tim/.terraform.d/plugins/local/providers/tofusoup/0.0.0/darwin_arm64","@timestamp":"2025-11-11T18:48:34.182493-08:00"}
{"@level":"trace","@message":"getproviders.SearchLocalDirectory: found local/providers/tofusoup v0.0.1108 for darwin_arm64 at /Users/tim/.terraform.d/plugins/local/providers/tofusoup/0.0.1108/darwin_arm64","@timestamp":"2025-11-11T18:48:34.182572-08:00"}
{"@level":"debug","@message":"ignoring non-existing provider search directory /Users/tim/Library/Application Support/io.terraform/plugins","@timestamp":"2025-11-11T18:48:34.182618-08:00"}
{"@level":"debug","@message":"ignoring non-existing provider search directory /Library/Application Support/io.terraform/plugins","@timestamp":"2025-11-11T18:48:34.182626-08:00"}
{"@level":"debug","@message":"Found the config directory: /Users/tim/.terraform.d","@timestamp":"2025-11-11T18:48:34.182960-08:00"}
{"@level":"info","@message":"CLI command args: []string{\"init\", \"-no-color\", \"-input=false\"}","@timestamp":"2025-11-11T18:48:34.183341-08:00"}
{"@level":"trace","@message":"Meta.Backend: no config given or present on disk, so returning nil config","@timestamp":"2025-11-11T18:48:34.184993-08:00"}
{"@level":"trace","@message":"Meta.Backend: backend has not previously been initialized in this working directory","@timestamp":"2025-11-11T18:48:34.185035-08:00"}
{"@level":"debug","@message":"New state was assigned lineage \"db428125-d228-508e-ae69-4a3a3c20a08f\"","@timestamp":"2025-11-11T18:48:34.185059-08:00"}
{"@level":"trace","@message":"Meta.Backend: using default local state only (no backend configuration, and no existing initialized backend)","@timestamp":"2025-11-11T18:48:34.185068-08:00"}
{"@level":"trace","@message":"Meta.Backend: instantiated backend of type \u003cnil\u003e","@timestamp":"2025-11-11T18:48:34.185073-08:00"}
{"@level":"debug","@message":"checking for provisioner in \".\"","@timestamp":"2025-11-11T18:48:34.185121-08:00"}
{"@level":"debug","@message":"checking for provisioner in \"/opt/homebrew/bin\"","@timestamp":"2025-11-11T18:48:34.186368-08:00"}
{"@level":"debug","@message":"checking for provisioner in \"/Users/tim/.terraform.d/plugins\"","@timestamp":"2025-11-11T18:48:34.186440-08:00"}
{"@level":"trace","@message":"Meta.Backend: backend \u003cnil\u003e does not support operations, so wrapping it in a local backend","@timestamp":"2025-11-11T18:48:34.186457-08:00"}
{"@level":"trace","@message":"backend/local: state manager for workspace \"default\" will:\n - read initial snapshot from terraform.tfstate\n - write new snapshots to terraform.tfstate\n - create any backup at terraform.tfstate.backup","@timestamp":"2025-11-11T18:48:34.186481-08:00"}
{"@level":"trace","@message":"statemgr.Filesystem: reading initial snapshot from terraform.tfstate","@timestamp":"2025-11-11T18:48:34.186491-08:00"}
{"@level":"trace","@message":"statemgr.Filesystem: snapshot file has nil snapshot, but that's okay","@timestamp":"2025-11-11T18:48:34.186503-08:00"}
{"@level":"trace","@message":"statemgr.Filesystem: read nil snapshot","@timestamp":"2025-11-11T18:48:34.186508-08:00"}
{"@level":"debug","@message":"Service discovery for registry.opentofu.org at https://registry.opentofu.org/.well-known/terraform.json","@timestamp":"2025-11-11T18:48:34.186740-08:00"}
{"@level":"trace","@message":"HTTP client GET request to https://registry.opentofu.org/.well-known/terraform.json","@timestamp":"2025-11-11T18:48:34.186767-08:00"}
{"@level":"debug","@message":"GET https://registry.opentofu.org/v1/providers/hashicorp/tofusoup/versions","@timestamp":"2025-11-11T18:48:34.478994-08:00"}
{"@level":"trace","@message":"HTTP client GET request to https://registry.opentofu.org/v1/providers/hashicorp/tofusoup/versions","@timestamp":"2025-11-11T18:48:34.479040-08:00"}
{"@level":"debug","@message":"GET https://registry.opentofu.org/v1/providers/-/tofusoup/versions","@timestamp":"2025-11-11T18:48:34.705122-08:00"}
{"@level":"trace","@message":"HTTP client GET request to https://registry.opentofu.org/v1/providers/-/tofusoup/versions","@timestamp":"2025-11-11T18:48:34.705152-08:00"}
{"@level":"trace","@message":"Attempting to acquire global provider lock /Users/tim/.tofusoup/plugin-cache/local/providers/pyvider/0.0.1109/darwin_arm64.lock","@timestamp":"2025-11-11T18:48:34.722360-08:00"}
{"@level":"trace","@message":"providercache.Dir.InstallPackage: installing local/providers/pyvider v0.0.1109 from /Users/tim/.terraform.d/plugins/local/providers/pyvider/0.0.1109/darwin_arm64","@timestamp":"2025-11-11T18:48:34.722610-08:00"}
{"@level":"trace","@message":"Releasing global provider lock /Users/tim/.tofusoup/plugin-cache/local/providers/pyvider/0.0.1109/darwin_arm64.lock","@timestamp":"2025-11-11T18:48:34.722697-08:00"}
{"@level":"trace","@message":"providercache.Dir.LinkFromOtherCache: linking local/providers/pyvider v0.0.1109 from existing cache /Users/tim/.tofusoup/plugin-cache/local/providers/pyvider/0.0.1109/darwin_arm64 to /Users/tim/code/gh/provide-io/terraform-provider-tofusoup/examples/data-sources/tofusoup_registry_search/.soup/tfdata/providers/local/providers/pyvider/0.0.1109/darwin_arm64","@timestamp":"2025-11-11T18:48:34.788637-08:00"}
