{"@level":"trace","@message":"OpenTelemetry: OTEL_TRACES_EXPORTER not set, OTel tracing is not enabled","@timestamp":"2025-11-09T10:28:43.712257-08:00"}
{"@level":"info","@message":"OpenTofu version: 1.10.6","@timestamp":"2025-11-09T10:28:43.712409-08:00"}
{"@level":"debug","@message":"using github.com/hashicorp/go-tfe v1.53.0","@timestamp":"2025-11-09T10:28:43.712456-08:00"}
{"@level":"debug","@message":"using github.com/opentofu/hcl/v2 v2.20.2-0.20250121132637-504036cd70e7","@timestamp":"2025-11-09T10:28:43.712467-08:00"}
{"@level":"debug","@message":"using github.com/hashicorp/terraform-svchost v0.1.1","@timestamp":"2025-11-09T10:28:43.712476-08:00"}
{"@level":"debug","@message":"using github.com/zclconf/go-cty v1.16.3","@timestamp":"2025-11-09T10:28:43.712483-08:00"}
{"@level":"info","@message":"Go runtime version: go1.25.0","@timestamp":"2025-11-09T10:28:43.712488-08:00"}
{"@level":"info","@message":"CLI args: []string{\"/opt/homebrew/bin/tofu\", \"init\", \"-no-color\", \"-input=false\"}","@timestamp":"2025-11-09T10:28:43.712494-08:00"}
{"@level":"trace","@message":"Stdout is not a terminal","@timestamp":"2025-11-09T10:28:43.712507-08:00"}
{"@level":"trace","@message":"Stderr is not a terminal","@timestamp":"2025-11-09T10:28:43.712518-08:00"}
{"@level":"trace","@message":"Stdin is a terminal","@timestamp":"2025-11-09T10:28:43.712530-08:00"}
{"@level":"debug","@message":"Attempting to open CLI config file: /Users/tim/.terraformrc","@timestamp":"2025-11-09T10:28:43.712557-08:00"}
{"@level":"info","@message":"Loading CLI configuration from /Users/tim/.terraformrc","@timestamp":"2025-11-09T10:28:43.712603-08:00"}
{"@level":"info","@message":"Loading CLI configuration from /Users/tim/.terraform.d/credentials.tfrc.json","@timestamp":"2025-11-09T10:28:43.712719-08:00"}
{"@level":"debug","@message":"checking for credentials in \"/Users/tim/.terraform.d/plugins\"","@timestamp":"2025-11-09T10:28:43.712799-08:00"}
{"@level":"debug","@message":"ignoring non-existing provider search directory terraform.d/plugins","@timestamp":"2025-11-09T10:28:43.712853-08:00"}
{"@level":"debug","@message":"will search for provider plugins in /Users/tim/.terraform.d/plugins","@timestamp":"2025-11-09T10:28:43.712866-08:00"}
{"@level":"trace","@message":"getproviders.SearchLocalDirectory: found local/providers/pyvider v0.0.0 for darwin_arm64 at /Users/tim/.terraform.d/plugins/local/providers/pyvider/0.0.0/darwin_arm64","@timestamp":"2025-11-09T10:28:43.713109-08:00"}
{"@level":"trace","@message":"getproviders.SearchLocalDirectory: found local/providers/pyvider v0.0.1100-1 for darwin_arm64 at /Users/tim/.terraform.d/plugins/local/providers/pyvider/0.0.1100-1/darwin_arm64","@timestamp":"2025-11-09T10:28:43.713232-08:00"}
{"@level":"trace","@message":"getproviders.SearchLocalDirectory: found local/providers/pyvider v0.0.1108 for darwin_arm64 at /Users/tim/.terraform.d/plugins/local/providers/pyvider/0.0.1108/darwin_arm64","@timestamp":"2025-11-09T10:28:43.713329-08:00"}
{"@level":"trace","@message":"getproviders.SearchLocalDirectory: found local/providers/pyvider v0.0.15 for darwin_arm64 at /Users/tim/.terraform.d/plugins/local/providers/pyvider/0.0.15/darwin_arm64","@timestamp":"2025-11-09T10:28:43.713437-08:00"}
{"@level":"trace","@message":"getproviders.SearchLocalDirectory: found local/providers/tofusoup v0.0.0 for darwin_arm64 at /Users/tim/.terraform.d/plugins/local/providers/tofusoup/0.0.0/darwin_arm64","@timestamp":"2025-11-09T10:28:43.713532-08:00"}
{"@level":"trace","@message":"getproviders.SearchLocalDirectory: found local/providers/tofusoup v0.0.1108 for darwin_arm64 at /Users/tim/.terraform.d/plugins/local/providers/tofusoup/0.0.1108/darwin_arm64","@timestamp":"2025-11-09T10:28:43.713621-08:00"}
{"@level":"debug","@message":"ignoring non-existing provider search directory /Users/tim/Library/Application Support/io.terraform/plugins","@timestamp":"2025-11-09T10:28:43.713661-08:00"}
{"@level":"debug","@message":"ignoring non-existing provider search directory /Library/Application Support/io.terraform/plugins","@timestamp":"2025-11-09T10:28:43.713667-08:00"}
{"@level":"debug","@message":"Found the config directory: /Users/tim/.terraform.d","@timestamp":"2025-11-09T10:28:43.713869-08:00"}
{"@level":"info","@message":"CLI command args: []string{\"init\", \"-no-color\", \"-input=false\"}","@timestamp":"2025-11-09T10:28:43.714003-08:00"}
{"@level":"trace","@message":"Meta.Backend: no config given or present on disk, so returning nil config","@timestamp":"2025-11-09T10:28:43.715611-08:00"}
{"@level":"trace","@message":"Meta.Backend: backend has not previously been initialized in this working directory","@timestamp":"2025-11-09T10:28:43.715644-08:00"}
{"@level":"debug","@message":"New state was assigned lineage \"5c97ab48-6bac-a7df-c25e-ee47df4ea175\"","@timestamp":"2025-11-09T10:28:43.715658-08:00"}
{"@level":"trace","@message":"Meta.Backend: using default local state only (no backend configuration, and no existing initialized backend)","@timestamp":"2025-11-09T10:28:43.715664-08:00"}
{"@level":"trace","@message":"Meta.Backend: instantiated backend of type \u003cnil\u003e","@timestamp":"2025-11-09T10:28:43.715668-08:00"}
{"@level":"debug","@message":"checking for provisioner in \".\"","@timestamp":"2025-11-09T10:28:43.715723-08:00"}
{"@level":"debug","@message":"checking for provisioner in \"/opt/homebrew/bin\"","@timestamp":"2025-11-09T10:28:43.716991-08:00"}
{"@level":"debug","@message":"checking for provisioner in \"/Users/tim/.terraform.d/plugins\"","@timestamp":"2025-11-09T10:28:43.717041-08:00"}
{"@level":"trace","@message":"Meta.Backend: backend \u003cnil\u003e does not support operations, so wrapping it in a local backend","@timestamp":"2025-11-09T10:28:43.717060-08:00"}
{"@level":"trace","@message":"backend/local: state manager for workspace \"default\" will:\n - read initial snapshot from terraform.tfstate\n - write new snapshots to terraform.tfstate\n - create any backup at terraform.tfstate.backup","@timestamp":"2025-11-09T10:28:43.717095-08:00"}
{"@level":"trace","@message":"statemgr.Filesystem: reading initial snapshot from terraform.tfstate","@timestamp":"2025-11-09T10:28:43.717108-08:00"}
{"@level":"trace","@message":"statemgr.Filesystem: snapshot file has nil snapshot, but that's okay","@timestamp":"2025-11-09T10:28:43.717119-08:00"}
{"@level":"trace","@message":"statemgr.Filesystem: read nil snapshot","@timestamp":"2025-11-09T10:28:43.717124-08:00"}
{"@level":"debug","@message":"Service discovery for registry.opentofu.org at https://registry.opentofu.org/.well-known/terraform.json","@timestamp":"2025-11-09T10:28:43.717356-08:00"}
{"@level":"trace","@message":"HTTP client GET request to https://registry.opentofu.org/.well-known/terraform.json","@timestamp":"2025-11-09T10:28:43.717376-08:00"}
{"@level":"debug","@message":"GET https://registry.opentofu.org/v1/providers/hashicorp/tofusoup/versions","@timestamp":"2025-11-09T10:28:44.176112-08:00"}
{"@level":"trace","@message":"HTTP client GET request to https://registry.opentofu.org/v1/providers/hashicorp/tofusoup/versions","@timestamp":"2025-11-09T10:28:44.176200-08:00"}
{"@level":"debug","@message":"GET https://registry.opentofu.org/v1/providers/-/tofusoup/versions","@timestamp":"2025-11-09T10:28:44.247033-08:00"}
{"@level":"trace","@message":"HTTP client GET request to https://registry.opentofu.org/v1/providers/-/tofusoup/versions","@timestamp":"2025-11-09T10:28:44.247063-08:00"}
{"@level":"trace","@message":"Attempting to acquire global provider lock /Users/tim/.tofusoup/plugin-cache/local/providers/pyvider/0.0.1108/darwin_arm64.lock","@timestamp":"2025-11-09T10:28:44.262580-08:00"}
{"@level":"trace","@message":"providercache.Dir.InstallPackage: installing local/providers/pyvider v0.0.1108 from /Users/tim/.terraform.d/plugins/local/providers/pyvider/0.0.1108/darwin_arm64","@timestamp":"2025-11-09T10:28:44.263254-08:00"}
{"@level":"trace","@message":"Releasing global provider lock /Users/tim/.tofusoup/plugin-cache/local/providers/pyvider/0.0.1108/darwin_arm64.lock","@timestamp":"2025-11-09T10:28:44.263354-08:00"}
{"@level":"trace","@message":"providercache.Dir.LinkFromOtherCache: linking local/providers/pyvider v0.0.1108 from existing cache /Users/tim/.tofusoup/plugin-cache/local/providers/pyvider/0.0.1108/darwin_arm64 to /Users/tim/code/gh/provide-io/terraform-provider-tofusoup/examples/data_source/tofusoup_state_outputs/.soup/tfdata/providers/local/providers/pyvider/0.0.1108/darwin_arm64","@timestamp":"2025-11-09T10:28:44.263850-08:00"}
